run_fitsnap3_patched.py starting
argv=['run_fitsnap3_patched.py', 'LiBF4-minimal.in']
cwd=/home/jorge/project/mlpdft
FitSNAP failed with exception:
Traceback (most recent call last):
  File "/home/jorge/project/mlpdft/run_fitsnap3_patched.py", line 41, in main
    snap = FitSnap(input=infile, comm=None, arglist=["--overwrite", "--verbose"])
           ^^^^^^^^^^^^^^^^^^^^^^^^^^^^^^^^^^^^^^^^^^^^^^^^^^^^^^^^^^^^^^^^^^^^^^
  File "/home/jorge/miniconda3/envs/fitsnap/lib/python3.12/site-packages/fitsnap3lib/fitsnap.py", line 80, in __init__
    self.solver = solver(self.config.sections["SOLVER"].solver, self.pt, self.config) \
                  ^^^^^^^^^^^^^^^^^^^^^^^^^^^^^^^^^^^^^^^^^^^^^^^^^^^^^^^^^^^^^^^^^^^
  File "/home/jorge/miniconda3/envs/fitsnap/lib/python3.12/site-packages/fitsnap3lib/solvers/solver_factory.py", line 21, in solver
    instance.__init__(solver_name, pt, cfg)
  File "/home/jorge/miniconda3/envs/fitsnap/lib/python3.12/site-packages/fitsnap3lib/solvers/ridge.py", line 12, in __init__
    super().__init__(name, pt, config)
  File "/home/jorge/miniconda3/envs/fitsnap/lib/python3.12/site-packages/fitsnap3lib/solvers/solver.py", line 38, in __init__
    self._checks()
  File "/home/jorge/miniconda3/envs/fitsnap/lib/python3.12/site-packages/fitsnap3lib/solvers/solver.py", line 76, in _checks
    assert not (self.config.sections['CALCULATOR'].linear and self.config.sections['CALCULATOR'].per_atom_energy and self.config.args.perform_fit)
           ^^^^^^^^^^^^^^^^^^^^^^^^^^^^^^^^^^^^^^^^^^^^^^^^^^^^^^^^^^^^^^^^^^^^^^^^^^^^^^^^^^^^^^^^^^^^^^^^^^^^^^^^^^^^^^^^^^^^^^^^^^^^^^^^^^^^^^^
AssertionError
